Using pre-set license
Built from '2022.3/staging' branch; Version is '2022.3.40f1 (cbdda657d2f0) revision 13360550'; Using compiler version '192829333'; Build Type 'Release'
OS: 'Windows 10  (10.0.19045) 64bit Education' Language: 'ko' Physical Memory: 32685 MB
BatchMode: 1, IsHumanControllingUs: 0, StartBugReporterOnCrash: 0, Is64bit: 1, IsPro: 1

COMMAND LINE ARGUMENTS:
D:\2022.3.40f1\Editor\Unity.exe
-adb2
-batchMode
-noUpm
-name
AssetImportWorker2
-projectPath
C:/Users/Administrator/Desktop/珥덉썝/unityGame/unityGame
-logFile
Logs/AssetImportWorker2.log
-srvPort
65433
Successfully changed project path to: C:/Users/Administrator/Desktop/珥덉썝/unityGame/unityGame
C:/Users/Administrator/Desktop/珥덉썝/unityGame/unityGame
[UnityMemory] Configuration Parameters - Can be set up in boot.config
    "memorysetup-bucket-allocator-granularity=16"
    "memorysetup-bucket-allocator-bucket-count=8"
    "memorysetup-bucket-allocator-block-size=33554432"
    "memorysetup-bucket-allocator-block-count=8"
    "memorysetup-main-allocator-block-size=16777216"
    "memorysetup-thread-allocator-block-size=16777216"
    "memorysetup-gfx-main-allocator-block-size=16777216"
    "memorysetup-gfx-thread-allocator-block-size=16777216"
    "memorysetup-cache-allocator-block-size=4194304"
    "memorysetup-typetree-allocator-block-size=2097152"
    "memorysetup-profiler-bucket-allocator-granularity=16"
    "memorysetup-profiler-bucket-allocator-bucket-count=8"
    "memorysetup-profiler-bucket-allocator-block-size=33554432"
    "memorysetup-profiler-bucket-allocator-block-count=8"
    "memorysetup-profiler-allocator-block-size=16777216"
    "memorysetup-profiler-editor-allocator-block-size=1048576"
    "memorysetup-temp-allocator-size-main=16777216"
    "memorysetup-job-temp-allocator-block-size=2097152"
    "memorysetup-job-temp-allocator-block-size-background=1048576"
    "memorysetup-job-temp-allocator-reduction-small-platforms=262144"
    "memorysetup-allocator-temp-initial-block-size-main=262144"
    "memorysetup-allocator-temp-initial-block-size-worker=262144"
    "memorysetup-temp-allocator-size-background-worker=32768"
    "memorysetup-temp-allocator-size-job-worker=262144"
    "memorysetup-temp-allocator-size-preload-manager=33554432"
    "memorysetup-temp-allocator-size-nav-mesh-worker=65536"
    "memorysetup-temp-allocator-size-audio-worker=65536"
    "memorysetup-temp-allocator-size-cloud-worker=32768"
    "memorysetup-temp-allocator-size-gi-baking-worker=262144"
    "memorysetup-temp-allocator-size-gfx=262144"
Player connection [15788]  Target information:

Player connection [15788]  * "[IP] 192.168.0.200 [Port] 0 [Flags] 2 [Guid] 4166546999 [EditorId] 4166546999 [Version] 1048832 [Id] WindowsEditor(7,DESKTOP-AGEDA01) [Debug] 1 [PackageName] WindowsEditor [ProjectName] Editor" 

Player connection [15788] Host joined multi-casting on [225.0.0.222:54997]...
Player connection [15788] Host joined alternative multi-casting on [225.0.0.222:34997]...
[PhysX] Initialized MultithreadedTaskDispatcher with 12 workers.
Refreshing native plugins compatible for Editor in 8.62 ms, found 3 plugins.
Preloading 0 native plugins for Editor in 0.00 ms.
Initialize engine version: 2022.3.40f1 (cbdda657d2f0)
[Subsystems] Discovering subsystems at path D:/2022.3.40f1/Editor/Data/Resources/UnitySubsystems
[Subsystems] Discovering subsystems at path C:/Users/Administrator/Desktop/珥덉썝/unityGame/unityGame/Assets
GfxDevice: creating device client; threaded=0; jobified=0
Direct3D:
    Version:  Direct3D 11.0 [level 11.1]
    Renderer: NVIDIA GeForce RTX 3060 (ID=0x2504)
    Vendor:   NVIDIA
    VRAM:     12129 MB
    Driver:   31.0.15.3623
Initialize mono
Mono path[0] = 'D:/2022.3.40f1/Editor/Data/Managed'
Mono path[1] = 'D:/2022.3.40f1/Editor/Data/MonoBleedingEdge/lib/mono/unityjit-win32'
Mono config path = 'D:/2022.3.40f1/Editor/Data/MonoBleedingEdge/etc'
Using monoOptions --debugger-agent=transport=dt_socket,embedding=1,server=y,suspend=n,address=127.0.0.1:56372
Begin MonoManager ReloadAssembly
Registering precompiled unity dll's ...
Register platform support module: D:/2022.3.40f1/Editor/Data/PlaybackEngines/WindowsStandaloneSupport/UnityEditor.WindowsStandalone.Extensions.dll
Registered in 0.003464 seconds.
- Loaded All Assemblies, in  0.305 seconds
Native extension for WindowsStandalone target not found
Mono: successfully reloaded assembly
- Finished resetting the current domain, in  0.244 seconds
Domain Reload Profiling: 549ms
	BeginReloadAssembly (94ms)
		ExecutionOrderSort (0ms)
		DisableScriptedObjects (0ms)
		BackupInstance (0ms)
		ReleaseScriptingObjects (0ms)
		CreateAndSetChildDomain (1ms)
	RebuildCommonClasses (32ms)
	RebuildNativeTypeToScriptingClass (10ms)
	initialDomainReloadingComplete (44ms)
	LoadAllAssembliesAndSetupDomain (125ms)
		LoadAssemblies (93ms)
		RebuildTransferFunctionScriptingTraits (0ms)
		AnalyzeDomain (123ms)
			TypeCache.Refresh (122ms)
				TypeCache.ScanAssembly (110ms)
			ScanForSourceGeneratedMonoScriptInfo (0ms)
			ResolveRequiredComponents (0ms)
	FinalizeReload (244ms)
		ReleaseScriptCaches (0ms)
		RebuildScriptCaches (0ms)
		SetupLoadedEditorAssemblies (200ms)
			LogAssemblyErrors (0ms)
			InitializePlatformSupportModulesInManaged (7ms)
			SetLoadedEditorAssemblies (7ms)
			RefreshPlugins (0ms)
			BeforeProcessingInitializeOnLoad (2ms)
			ProcessInitializeOnLoadAttributes (139ms)
			ProcessInitializeOnLoadMethodAttributes (44ms)
			AfterProcessingInitializeOnLoad (0ms)
			EditorAssembliesLoaded (0ms)
		ExecutionOrderSort2 (0ms)
		AwakeInstancesAfterBackupRestoration (0ms)
========================================================================
Worker process is ready to serve import requests
Caller must complete domain reload
Begin MonoManager ReloadAssembly
- Loaded All Assemblies, in  0.584 seconds
Native extension for WindowsStandalone target not found
Package Manager log level set to [2]
[Package Manager] Server::EnsureServerProcessIsRunning -- launch failed, reason: Unity was launched with the -noUpm command-line argument
[Package Manager] UpmClient::Send -- Unable to send message (not connected to UPM process).
[Package Manager] Cannot connect to Unity Package Manager local server
Mono: successfully reloaded assembly
- Finished resetting the current domain, in  0.550 seconds
Domain Reload Profiling: 1133ms
	BeginReloadAssembly (144ms)
		ExecutionOrderSort (0ms)
		DisableScriptedObjects (5ms)
		BackupInstance (0ms)
		ReleaseScriptingObjects (0ms)
		CreateAndSetChildDomain (20ms)
	RebuildCommonClasses (34ms)
	RebuildNativeTypeToScriptingClass (11ms)
	initialDomainReloadingComplete (37ms)
	LoadAllAssembliesAndSetupDomain (357ms)
		LoadAssemblies (260ms)
		RebuildTransferFunctionScriptingTraits (0ms)
		AnalyzeDomain (179ms)
			TypeCache.Refresh (159ms)
				TypeCache.ScanAssembly (144ms)
			ScanForSourceGeneratedMonoScriptInfo (14ms)
			ResolveRequiredComponents (5ms)
	FinalizeReload (550ms)
		ReleaseScriptCaches (0ms)
		RebuildScriptCaches (0ms)
		SetupLoadedEditorAssemblies (411ms)
			LogAssemblyErrors (0ms)
			InitializePlatformSupportModulesInManaged (5ms)
			SetLoadedEditorAssemblies (3ms)
			RefreshPlugins (0ms)
			BeforeProcessingInitializeOnLoad (56ms)
			ProcessInitializeOnLoadAttributes (323ms)
			ProcessInitializeOnLoadMethodAttributes (21ms)
			AfterProcessingInitializeOnLoad (2ms)
			EditorAssembliesLoaded (0ms)
		ExecutionOrderSort2 (0ms)
		AwakeInstancesAfterBackupRestoration (7ms)
Launched and connected shader compiler UnityShaderCompiler.exe after 0.04 seconds
Refreshing native plugins compatible for Editor in 4.96 ms, found 3 plugins.
Preloading 0 native plugins for Editor in 0.00 ms.
Unloading 3170 Unused Serialized files (Serialized files now loaded: 0)
Unloading 19 unused Assets / (54.6 KB). Loaded Objects now: 3639.
Memory consumption went from 151.7 MB to 151.7 MB.
Total: 2.731300 ms (FindLiveObjects: 0.267100 ms CreateObjectMapping: 0.192500 ms MarkObjects: 2.182300 ms  DeleteObjects: 0.088000 ms)

AssetImportParameters requested are different than current active one (requested -> active):
  custom:container-demuxer-ogg: 62fdf1f143b41e24485cea50d1cbac27 -> 
  custom:video-decoder-ogg-theora: a1e56fd34408186e4bbccfd4996cb3dc -> 
  custom:framework-win-MediaFoundation: 216162199b28c13a410421893ffa2e32 -> 
  custom:CustomObjectIndexerAttribute: 9a22284fe3817be447336de3de66b15e -> 
  custom:container-demuxer-webm: 4f35f7cbe854078d1ac9338744f61a02 -> 
  custom:container-muxer-webm: aa71ff27fc2769a1b78a27578f13a17b -> 
  custom:video-decoder-webm-vp8: 9c59270c3fd7afecdb556c50c9e8de78 -> 
  custom:SearchIndexIgnoredProperties: e643bd26f0fe6173181afceb89e7c659 -> 
  custom:AudioImporter_EditorPlatform: d09bf68614088b80899f8185d706f6e7 -> 
  custom:video-encoder-webm-vp8: eb34c28f22e8b96e1ab97ce403110664 -> 
  custom:audio-decoder-ogg-vorbis: bf7c407c2cedff20999df2af8eb42d56 -> 
  custom:audio-encoder-webm-vorbis: bf7c407c2cedff20999df2af8eb42d56 -> 
========================================================================
Received Import Request.
  Time since last request: 2237.941945 seconds.
  path: Assets/Model/character/Red Knight/RedKnight/Materials/Skin&Hair&Face/Face/Face.mat
  artifactKey: Guid(9dae9279d5590ec4c85d2e70d0670aa9) Importer(815301076,1909f56bfc062723c751e8b465ee728b)
Start importing Assets/Model/character/Red Knight/RedKnight/Materials/Skin&Hair&Face/Face/Face.mat using Guid(9dae9279d5590ec4c85d2e70d0670aa9) Importer(815301076,1909f56bfc062723c751e8b465ee728b) [PhysX] Initialized MultithreadedTaskDispatcher with 12 workers.
[PhysX] Initialized MultithreadedTaskDispatcher with 12 workers.
 -> (artifact id: 'a7bed311ac0af29b6b1c290d202c39e6') in 0.113205 seconds
Number of updated asset objects reloaded before import = 0
Number of asset objects unloaded after import = 2
========================================================================
Received Import Request.
  Time since last request: 1.108066 seconds.
  path: Assets/Model/character/Red Mage/RedMage/Materials/Skin&Hair&Face/Face/face03.mat
  artifactKey: Guid(7507bb619f9d24d4b89d7ff220227cf0) Importer(815301076,1909f56bfc062723c751e8b465ee728b)
Start importing Assets/Model/character/Red Mage/RedMage/Materials/Skin&Hair&Face/Face/face03.mat using Guid(7507bb619f9d24d4b89d7ff220227cf0) Importer(815301076,1909f56bfc062723c751e8b465ee728b) [PhysX] Initialized MultithreadedTaskDispatcher with 12 workers.
[PhysX] Initialized MultithreadedTaskDispatcher with 12 workers.
 -> (artifact id: '3eae3903b30dc4cbb02602dad2411f04') in 0.018056 seconds
Number of updated asset objects reloaded before import = 0
Number of asset objects unloaded after import = 2
========================================================================
Received Import Request.
  Time since last request: 0.035805 seconds.
  path: Assets/Model/character/Castle Guard Archer/Castle Guard Archer/Materials/Other/Floor.mat
  artifactKey: Guid(a3b7b6efc518a814188cfb22fbf2766a) Importer(815301076,1909f56bfc062723c751e8b465ee728b)
Start importing Assets/Model/character/Castle Guard Archer/Castle Guard Archer/Materials/Other/Floor.mat using Guid(a3b7b6efc518a814188cfb22fbf2766a) Importer(815301076,1909f56bfc062723c751e8b465ee728b) [PhysX] Initialized MultithreadedTaskDispatcher with 12 workers.
[PhysX] Initialized MultithreadedTaskDispatcher with 12 workers.
 -> (artifact id: '730366485e99416f2926045a642b163a') in 0.005497 seconds
Number of updated asset objects reloaded before import = 0
Number of asset objects unloaded after import = 1
========================================================================
Received Import Request.
  Time since last request: 0.417679 seconds.
  path: Assets/Model/character/Red Mage/RedMage/Materials/Other/Floor.mat
  artifactKey: Guid(56108c6e14877144387dba893cc869fc) Importer(815301076,1909f56bfc062723c751e8b465ee728b)
Start importing Assets/Model/character/Red Mage/RedMage/Materials/Other/Floor.mat using Guid(56108c6e14877144387dba893cc869fc) Importer(815301076,1909f56bfc062723c751e8b465ee728b) [PhysX] Initialized MultithreadedTaskDispatcher with 12 workers.
[PhysX] Initialized MultithreadedTaskDispatcher with 12 workers.
 -> (artifact id: '5361252dbb22b698a8c780320568c575') in 0.005167 seconds
Number of updated asset objects reloaded before import = 0
Number of asset objects unloaded after import = 1
========================================================================
Received Import Request.
  Time since last request: 1.193251 seconds.
  path: Assets/Model/character/Archbishop/Archbishop/Materials/Other/Floor.mat
  artifactKey: Guid(20e082e203518664c8ec837bc3189047) Importer(815301076,1909f56bfc062723c751e8b465ee728b)
Start importing Assets/Model/character/Archbishop/Archbishop/Materials/Other/Floor.mat using Guid(20e082e203518664c8ec837bc3189047) Importer(815301076,1909f56bfc062723c751e8b465ee728b) [PhysX] Initialized MultithreadedTaskDispatcher with 12 workers.
[PhysX] Initialized MultithreadedTaskDispatcher with 12 workers.
 -> (artifact id: '65919ccd35fb5b8eeca1473d59734a0e') in 0.005358 seconds
Number of updated asset objects reloaded before import = 0
Number of asset objects unloaded after import = 1
========================================================================
Received Import Request.
  Time since last request: 0.752724 seconds.
  path: Assets/Model/character/Archbishop/Fx/Fx1.mat
  artifactKey: Guid(d8fc9f28973798544b5ebee166ccac8d) Importer(815301076,1909f56bfc062723c751e8b465ee728b)
Start importing Assets/Model/character/Archbishop/Fx/Fx1.mat using Guid(d8fc9f28973798544b5ebee166ccac8d) Importer(815301076,1909f56bfc062723c751e8b465ee728b) [PhysX] Initialized MultithreadedTaskDispatcher with 12 workers.
[PhysX] Initialized MultithreadedTaskDispatcher with 12 workers.
 -> (artifact id: '76fff39c429aa4cb1f9001f55af00c52') in 0.035231 seconds
Number of updated asset objects reloaded before import = 0
Number of asset objects unloaded after import = 1
========================================================================
Received Import Request.
  Time since last request: 0.043415 seconds.
  path: Assets/Model/character/Castle Guard/Fx/Fx1.mat
  artifactKey: Guid(ef9ab8319baa0ac449357d239fdb15b4) Importer(815301076,1909f56bfc062723c751e8b465ee728b)
Start importing Assets/Model/character/Castle Guard/Fx/Fx1.mat using Guid(ef9ab8319baa0ac449357d239fdb15b4) Importer(815301076,1909f56bfc062723c751e8b465ee728b) [PhysX] Initialized MultithreadedTaskDispatcher with 12 workers.
[PhysX] Initialized MultithreadedTaskDispatcher with 12 workers.
 -> (artifact id: 'f30431591b5a3685b3b142f897bc29d7') in 0.005442 seconds
Number of updated asset objects reloaded before import = 0
Number of asset objects unloaded after import = 1
========================================================================
Received Import Request.
  Time since last request: 0.041106 seconds.
  path: Assets/Model/character/Castle Guard Archer/Fx/Fx1.mat
  artifactKey: Guid(e9aecbf47eab51f458984e0245d43f59) Importer(815301076,1909f56bfc062723c751e8b465ee728b)
Start importing Assets/Model/character/Castle Guard Archer/Fx/Fx1.mat using Guid(e9aecbf47eab51f458984e0245d43f59) Importer(815301076,1909f56bfc062723c751e8b465ee728b) [PhysX] Initialized MultithreadedTaskDispatcher with 12 workers.
[PhysX] Initialized MultithreadedTaskDispatcher with 12 workers.
 -> (artifact id: 'e3cd939a5d72c952464562771a5f83bf') in 0.005888 seconds
Number of updated asset objects reloaded before import = 0
Number of asset objects unloaded after import = 1
========================================================================
Received Import Request.
  Time since last request: 15.249993 seconds.
  path: Assets/Model/character/Archbishop/Archbishop/Materials/Skin&Hair&Face
  artifactKey: Guid(17c9fc98586a54146993723446835442) Importer(815301076,1909f56bfc062723c751e8b465ee728b)
Start importing Assets/Model/character/Archbishop/Archbishop/Materials/Skin&Hair&Face using Guid(17c9fc98586a54146993723446835442) Importer(815301076,1909f56bfc062723c751e8b465ee728b) [PhysX] Initialized MultithreadedTaskDispatcher with 12 workers.
 -> (artifact id: 'b901236d7484c89412c8aeb85cf1059e') in 0.000424 seconds
Number of updated asset objects reloaded before import = 0
Number of asset objects unloaded after import = 0
========================================================================
Received Import Request.
  Time since last request: 0.119980 seconds.
  path: Assets/Model/character/Archbishop/Archbishop/Materials/Skin&Hair&Face/hair04.mat
  artifactKey: Guid(8261f2ee7bd8da646b3ea808e02c2352) Importer(815301076,1909f56bfc062723c751e8b465ee728b)
Start importing Assets/Model/character/Archbishop/Archbishop/Materials/Skin&Hair&Face/hair04.mat using Guid(8261f2ee7bd8da646b3ea808e02c2352) Importer(815301076,1909f56bfc062723c751e8b465ee728b) [PhysX] Initialized MultithreadedTaskDispatcher with 12 workers.
[PhysX] Initialized MultithreadedTaskDispatcher with 12 workers.
 -> (artifact id: 'ae209ccceebd47e28bf2041baca8f6da') in 0.006806 seconds
Number of updated asset objects reloaded before import = 0
Number of asset objects unloaded after import = 2
========================================================================
Received Import Request.
  Time since last request: 1.308885 seconds.
  path: Assets/Model/character/Archbishop/Archbishop/Materials/Skin&Hair&Face/Face
  artifactKey: Guid(be14e96ef1715b741ab183457eca0bc6) Importer(815301076,1909f56bfc062723c751e8b465ee728b)
Start importing Assets/Model/character/Archbishop/Archbishop/Materials/Skin&Hair&Face/Face using Guid(be14e96ef1715b741ab183457eca0bc6) Importer(815301076,1909f56bfc062723c751e8b465ee728b) [PhysX] Initialized MultithreadedTaskDispatcher with 12 workers.
 -> (artifact id: '7547c1178e9e7327349b744e61380c75') in 0.000455 seconds
Number of updated asset objects reloaded before import = 0
Number of asset objects unloaded after import = 0
========================================================================
Received Import Request.
  Time since last request: 21.534891 seconds.
  path: Assets/Model/character/Archbishop/Archbishop/Materials/Characters/M04.mat
  artifactKey: Guid(e03ebd9214a20ae47a39a54aa83bb8d5) Importer(815301076,1909f56bfc062723c751e8b465ee728b)
Start importing Assets/Model/character/Archbishop/Archbishop/Materials/Characters/M04.mat using Guid(e03ebd9214a20ae47a39a54aa83bb8d5) Importer(815301076,1909f56bfc062723c751e8b465ee728b) [PhysX] Initialized MultithreadedTaskDispatcher with 12 workers.
[PhysX] Initialized MultithreadedTaskDispatcher with 12 workers.
 -> (artifact id: '0e8364d11525f2f317fa0668eaa9a9e8') in 0.007058 seconds
Number of updated asset objects reloaded before import = 0
Number of asset objects unloaded after import = 2
========================================================================
Received Import Request.
  Time since last request: 235.210563 seconds.
  path: Assets/Model/character/Castle Guard/Castle Guard/Materials/Characters/M02.mat
  artifactKey: Guid(db6940c15197d0a4699926f8f4584a40) Importer(815301076,1909f56bfc062723c751e8b465ee728b)
Start importing Assets/Model/character/Castle Guard/Castle Guard/Materials/Characters/M02.mat using Guid(db6940c15197d0a4699926f8f4584a40) Importer(815301076,1909f56bfc062723c751e8b465ee728b) [PhysX] Initialized MultithreadedTaskDispatcher with 12 workers.
[PhysX] Initialized MultithreadedTaskDispatcher with 12 workers.
 -> (artifact id: 'fae2fc2cc8c80cc10679503d68a1f947') in 0.006874 seconds
Number of updated asset objects reloaded before import = 0
Number of asset objects unloaded after import = 2
========================================================================
Received Import Request.
  Time since last request: 0.005219 seconds.
  path: Assets/Model/character/Red Knight/RedKnight/Materials/Characters/M05.mat
  artifactKey: Guid(0957fffbd8f7ab84a9075733b67fed01) Importer(815301076,1909f56bfc062723c751e8b465ee728b)
Start importing Assets/Model/character/Red Knight/RedKnight/Materials/Characters/M05.mat using Guid(0957fffbd8f7ab84a9075733b67fed01) Importer(815301076,1909f56bfc062723c751e8b465ee728b) [PhysX] Initialized MultithreadedTaskDispatcher with 12 workers.
[PhysX] Initialized MultithreadedTaskDispatcher with 12 workers.
 -> (artifact id: '8418e5862a1fe61cba6082e1d9485fdb') in 0.010008 seconds
Number of updated asset objects reloaded before import = 0
Number of asset objects unloaded after import = 2
========================================================================
Received Import Request.
  Time since last request: 0.000020 seconds.
  path: Assets/Model/character/Casual Tiny - Knight Pack/models/pc_knight_weapon_01.FBX
  artifactKey: Guid(03bf48ae7f267124d8ab3d5546c3c98f) Importer(815301076,1909f56bfc062723c751e8b465ee728b)
Start importing Assets/Model/character/Casual Tiny - Knight Pack/models/pc_knight_weapon_01.FBX using Guid(03bf48ae7f267124d8ab3d5546c3c98f) Importer(815301076,1909f56bfc062723c751e8b465ee728b) [PhysX] Initialized MultithreadedTaskDispatcher with 12 workers.
[PhysX] Initialized MultithreadedTaskDispatcher with 12 workers.
[PhysX] Initialized MultithreadedTaskDispatcher with 12 workers.
[PhysX] Initialized MultithreadedTaskDispatcher with 12 workers.
 -> (artifact id: '60f564b1f08964c6f6bc83c307d3c3d0') in 0.083502 seconds
Number of updated asset objects reloaded before import = 0
Number of asset objects unloaded after import = 13
========================================================================
Received Import Request.
  Time since last request: 0.000024 seconds.
  path: Assets/Model/character/Casual Tiny - Knight Pack/models/pc_knight_idle_01.FBX
  artifactKey: Guid(9355045112c2cc945a6240136398be16) Importer(815301076,1909f56bfc062723c751e8b465ee728b)
Start importing Assets/Model/character/Casual Tiny - Knight Pack/models/pc_knight_idle_01.FBX using Guid(9355045112c2cc945a6240136398be16) Importer(815301076,1909f56bfc062723c751e8b465ee728b) [PhysX] Initialized MultithreadedTaskDispatcher with 12 workers.
[PhysX] Initialized MultithreadedTaskDispatcher with 12 workers.
[PhysX] Initialized MultithreadedTaskDispatcher with 12 workers.
[PhysX] Initialized MultithreadedTaskDispatcher with 12 workers.
[PhysX] Initialized MultithreadedTaskDispatcher with 12 workers.
[PhysX] Initialized MultithreadedTaskDispatcher with 12 workers.
[PhysX] Initialized MultithreadedTaskDispatcher with 12 workers.
[PhysX] Initialized MultithreadedTaskDispatcher with 12 workers.
 -> (artifact id: '156ef049a484ae5bf04494b746de54a3') in 0.058696 seconds
Number of updated asset objects reloaded before import = 0
Number of asset objects unloaded after import = 126
Editor requested this worker to shutdown with reason: Scaling down because of idle timeout
TcpMessagingSession - receive error: operation aborted. errorcode: 995, details: 스레드 종료 또는 응용 프로그램 요청 때문에 I/O 작업이 취소되었습니다.
AssetImportWorker is now disconnected from the server
Process exiting
Exiting without the bug reporter. Application will terminate with return code 0