Using pre-set license
Built from '2022.3/staging' branch; Version is '2022.3.40f1 (cbdda657d2f0) revision 13360550'; Using compiler version '192829333'; Build Type 'Release'
OS: 'Windows 10  (10.0.19045) 64bit Education' Language: 'ko' Physical Memory: 32685 MB
BatchMode: 1, IsHumanControllingUs: 0, StartBugReporterOnCrash: 0, Is64bit: 1, IsPro: 1

COMMAND LINE ARGUMENTS:
D:\2022.3.40f1\Editor\Unity.exe
-adb2
-batchMode
-noUpm
-name
AssetImportWorker4
-projectPath
C:/Users/Administrator/Desktop/珥덉썝/unityGame/unityGame
-logFile
Logs/AssetImportWorker4.log
-srvPort
65433
Successfully changed project path to: C:/Users/Administrator/Desktop/珥덉썝/unityGame/unityGame
C:/Users/Administrator/Desktop/珥덉썝/unityGame/unityGame
[UnityMemory] Configuration Parameters - Can be set up in boot.config
    "memorysetup-bucket-allocator-granularity=16"
    "memorysetup-bucket-allocator-bucket-count=8"
    "memorysetup-bucket-allocator-block-size=33554432"
    "memorysetup-bucket-allocator-block-count=8"
    "memorysetup-main-allocator-block-size=16777216"
    "memorysetup-thread-allocator-block-size=16777216"
    "memorysetup-gfx-main-allocator-block-size=16777216"
    "memorysetup-gfx-thread-allocator-block-size=16777216"
    "memorysetup-cache-allocator-block-size=4194304"
    "memorysetup-typetree-allocator-block-size=2097152"
    "memorysetup-profiler-bucket-allocator-granularity=16"
    "memorysetup-profiler-bucket-allocator-bucket-count=8"
    "memorysetup-profiler-bucket-allocator-block-size=33554432"
    "memorysetup-profiler-bucket-allocator-block-count=8"
    "memorysetup-profiler-allocator-block-size=16777216"
    "memorysetup-profiler-editor-allocator-block-size=1048576"
    "memorysetup-temp-allocator-size-main=16777216"
    "memorysetup-job-temp-allocator-block-size=2097152"
    "memorysetup-job-temp-allocator-block-size-background=1048576"
    "memorysetup-job-temp-allocator-reduction-small-platforms=262144"
    "memorysetup-allocator-temp-initial-block-size-main=262144"
    "memorysetup-allocator-temp-initial-block-size-worker=262144"
    "memorysetup-temp-allocator-size-background-worker=32768"
    "memorysetup-temp-allocator-size-job-worker=262144"
    "memorysetup-temp-allocator-size-preload-manager=33554432"
    "memorysetup-temp-allocator-size-nav-mesh-worker=65536"
    "memorysetup-temp-allocator-size-audio-worker=65536"
    "memorysetup-temp-allocator-size-cloud-worker=32768"
    "memorysetup-temp-allocator-size-gi-baking-worker=262144"
    "memorysetup-temp-allocator-size-gfx=262144"
Player connection [6824]  Target information:

Player connection [6824]  * "[IP] 192.168.0.200 [Port] 0 [Flags] 2 [Guid] 1425030434 [EditorId] 1425030434 [Version] 1048832 [Id] WindowsEditor(7,DESKTOP-AGEDA01) [Debug] 1 [PackageName] WindowsEditor [ProjectName] Editor" 

Player connection [6824] Host joined multi-casting on [225.0.0.222:54997]...
Player connection [6824] Host joined alternative multi-casting on [225.0.0.222:34997]...
[PhysX] Initialized MultithreadedTaskDispatcher with 12 workers.
Refreshing native plugins compatible for Editor in 8.56 ms, found 3 plugins.
Preloading 0 native plugins for Editor in 0.00 ms.
Initialize engine version: 2022.3.40f1 (cbdda657d2f0)
[Subsystems] Discovering subsystems at path D:/2022.3.40f1/Editor/Data/Resources/UnitySubsystems
[Subsystems] Discovering subsystems at path C:/Users/Administrator/Desktop/珥덉썝/unityGame/unityGame/Assets
GfxDevice: creating device client; threaded=0; jobified=0
Direct3D:
    Version:  Direct3D 11.0 [level 11.1]
    Renderer: NVIDIA GeForce RTX 3060 (ID=0x2504)
    Vendor:   NVIDIA
    VRAM:     12129 MB
    Driver:   31.0.15.3623
Initialize mono
Mono path[0] = 'D:/2022.3.40f1/Editor/Data/Managed'
Mono path[1] = 'D:/2022.3.40f1/Editor/Data/MonoBleedingEdge/lib/mono/unityjit-win32'
Mono config path = 'D:/2022.3.40f1/Editor/Data/MonoBleedingEdge/etc'
Using monoOptions --debugger-agent=transport=dt_socket,embedding=1,server=y,suspend=n,address=127.0.0.1:56904
Begin MonoManager ReloadAssembly
Registering precompiled unity dll's ...
Register platform support module: D:/2022.3.40f1/Editor/Data/PlaybackEngines/WindowsStandaloneSupport/UnityEditor.WindowsStandalone.Extensions.dll
Registered in 0.003455 seconds.
- Loaded All Assemblies, in  0.308 seconds
Native extension for WindowsStandalone target not found
Mono: successfully reloaded assembly
- Finished resetting the current domain, in  0.244 seconds
Domain Reload Profiling: 552ms
	BeginReloadAssembly (94ms)
		ExecutionOrderSort (0ms)
		DisableScriptedObjects (0ms)
		BackupInstance (0ms)
		ReleaseScriptingObjects (0ms)
		CreateAndSetChildDomain (1ms)
	RebuildCommonClasses (33ms)
	RebuildNativeTypeToScriptingClass (10ms)
	initialDomainReloadingComplete (44ms)
	LoadAllAssembliesAndSetupDomain (126ms)
		LoadAssemblies (94ms)
		RebuildTransferFunctionScriptingTraits (0ms)
		AnalyzeDomain (124ms)
			TypeCache.Refresh (123ms)
				TypeCache.ScanAssembly (111ms)
			ScanForSourceGeneratedMonoScriptInfo (0ms)
			ResolveRequiredComponents (0ms)
	FinalizeReload (244ms)
		ReleaseScriptCaches (0ms)
		RebuildScriptCaches (0ms)
		SetupLoadedEditorAssemblies (201ms)
			LogAssemblyErrors (0ms)
			InitializePlatformSupportModulesInManaged (7ms)
			SetLoadedEditorAssemblies (8ms)
			RefreshPlugins (0ms)
			BeforeProcessingInitializeOnLoad (2ms)
			ProcessInitializeOnLoadAttributes (139ms)
			ProcessInitializeOnLoadMethodAttributes (45ms)
			AfterProcessingInitializeOnLoad (0ms)
			EditorAssembliesLoaded (0ms)
		ExecutionOrderSort2 (0ms)
		AwakeInstancesAfterBackupRestoration (0ms)
========================================================================
Worker process is ready to serve import requests
Caller must complete domain reload
Begin MonoManager ReloadAssembly
- Loaded All Assemblies, in  0.527 seconds
Native extension for WindowsStandalone target not found
Package Manager log level set to [2]
[Package Manager] Server::EnsureServerProcessIsRunning -- launch failed, reason: Unity was launched with the -noUpm command-line argument
[Package Manager] UpmClient::Send -- Unable to send message (not connected to UPM process).
[Package Manager] Cannot connect to Unity Package Manager local server
Mono: successfully reloaded assembly
- Finished resetting the current domain, in  0.504 seconds
Domain Reload Profiling: 1030ms
	BeginReloadAssembly (126ms)
		ExecutionOrderSort (0ms)
		DisableScriptedObjects (5ms)
		BackupInstance (0ms)
		ReleaseScriptingObjects (0ms)
		CreateAndSetChildDomain (19ms)
	RebuildCommonClasses (30ms)
	RebuildNativeTypeToScriptingClass (10ms)
	initialDomainReloadingComplete (33ms)
	LoadAllAssembliesAndSetupDomain (327ms)
		LoadAssemblies (239ms)
		RebuildTransferFunctionScriptingTraits (0ms)
		AnalyzeDomain (161ms)
			TypeCache.Refresh (141ms)
				TypeCache.ScanAssembly (129ms)
			ScanForSourceGeneratedMonoScriptInfo (13ms)
			ResolveRequiredComponents (5ms)
	FinalizeReload (505ms)
		ReleaseScriptCaches (0ms)
		RebuildScriptCaches (0ms)
		SetupLoadedEditorAssemblies (383ms)
			LogAssemblyErrors (0ms)
			InitializePlatformSupportModulesInManaged (4ms)
			SetLoadedEditorAssemblies (3ms)
			RefreshPlugins (0ms)
			BeforeProcessingInitializeOnLoad (53ms)
			ProcessInitializeOnLoadAttributes (301ms)
			ProcessInitializeOnLoadMethodAttributes (20ms)
			AfterProcessingInitializeOnLoad (2ms)
			EditorAssembliesLoaded (0ms)
		ExecutionOrderSort2 (0ms)
		AwakeInstancesAfterBackupRestoration (6ms)
Launched and connected shader compiler UnityShaderCompiler.exe after 0.04 seconds
Refreshing native plugins compatible for Editor in 2.97 ms, found 3 plugins.
Preloading 0 native plugins for Editor in 0.00 ms.
Unloading 3170 Unused Serialized files (Serialized files now loaded: 0)
Unloading 19 unused Assets / (54.6 KB). Loaded Objects now: 3640.
Memory consumption went from 151.8 MB to 151.8 MB.
Total: 2.767500 ms (FindLiveObjects: 0.231700 ms CreateObjectMapping: 0.140800 ms MarkObjects: 2.316200 ms  DeleteObjects: 0.077800 ms)

AssetImportParameters requested are different than current active one (requested -> active):
  custom:container-demuxer-ogg: 62fdf1f143b41e24485cea50d1cbac27 -> 
  custom:video-decoder-ogg-theora: a1e56fd34408186e4bbccfd4996cb3dc -> 
  custom:framework-win-MediaFoundation: 216162199b28c13a410421893ffa2e32 -> 
  custom:CustomObjectIndexerAttribute: 9a22284fe3817be447336de3de66b15e -> 
  custom:container-demuxer-webm: 4f35f7cbe854078d1ac9338744f61a02 -> 
  custom:container-muxer-webm: aa71ff27fc2769a1b78a27578f13a17b -> 
  custom:video-decoder-webm-vp8: 9c59270c3fd7afecdb556c50c9e8de78 -> 
  custom:SearchIndexIgnoredProperties: e643bd26f0fe6173181afceb89e7c659 -> 
  custom:AudioImporter_EditorPlatform: d09bf68614088b80899f8185d706f6e7 -> 
  custom:video-encoder-webm-vp8: eb34c28f22e8b96e1ab97ce403110664 -> 
  custom:audio-decoder-ogg-vorbis: bf7c407c2cedff20999df2af8eb42d56 -> 
  custom:audio-encoder-webm-vorbis: bf7c407c2cedff20999df2af8eb42d56 -> 
========================================================================
Received Import Request.
  Time since last request: 2708.893905 seconds.
  path: Assets/Model/character/Red Knight/Thumbnail Red Knight.PNG
  artifactKey: Guid(7b73e87cee07f9447bcf53a0f1ed4a88) Importer(815301076,1909f56bfc062723c751e8b465ee728b)
Start importing Assets/Model/character/Red Knight/Thumbnail Red Knight.PNG using Guid(7b73e87cee07f9447bcf53a0f1ed4a88) Importer(815301076,1909f56bfc062723c751e8b465ee728b) [PhysX] Initialized MultithreadedTaskDispatcher with 12 workers.
[PhysX] Initialized MultithreadedTaskDispatcher with 12 workers.
 -> (artifact id: 'c732e98214d8c7762f4baf6b460e8bfc') in 0.059612 seconds
Number of updated asset objects reloaded before import = 0
Number of asset objects unloaded after import = 2
========================================================================
Received Import Request.
  Time since last request: 2.682222 seconds.
  path: Assets/Model/character/Casual Tiny - Knight Pack/models/textures/pc_knight_weapon_05.png
  artifactKey: Guid(a9e535ab8898399409fec8fa7da97c21) Importer(815301076,1909f56bfc062723c751e8b465ee728b)
Start importing Assets/Model/character/Casual Tiny - Knight Pack/models/textures/pc_knight_weapon_05.png using Guid(a9e535ab8898399409fec8fa7da97c21) Importer(815301076,1909f56bfc062723c751e8b465ee728b) [PhysX] Initialized MultithreadedTaskDispatcher with 12 workers.
[PhysX] Initialized MultithreadedTaskDispatcher with 12 workers.
 -> (artifact id: '1d500e7a878d9c2688461665b13ddf5a') in 0.016446 seconds
Number of updated asset objects reloaded before import = 0
Number of asset objects unloaded after import = 2
========================================================================
Received Import Request.
  Time since last request: 0.390306 seconds.
  path: Assets/Model/character/Casual Tiny - Knight Pack/models/textures/pc_knight_weapon_03.png
  artifactKey: Guid(2f92b8414c402a3498e57192d86e186f) Importer(815301076,1909f56bfc062723c751e8b465ee728b)
Start importing Assets/Model/character/Casual Tiny - Knight Pack/models/textures/pc_knight_weapon_03.png using Guid(2f92b8414c402a3498e57192d86e186f) Importer(815301076,1909f56bfc062723c751e8b465ee728b) [PhysX] Initialized MultithreadedTaskDispatcher with 12 workers.
[PhysX] Initialized MultithreadedTaskDispatcher with 12 workers.
 -> (artifact id: '1bfc43911072881574db48d7e807a1a5') in 0.012142 seconds
Number of updated asset objects reloaded before import = 0
Number of asset objects unloaded after import = 2
========================================================================
Received Import Request.
  Time since last request: 0.017202 seconds.
  path: Assets/Model/character/Casual Tiny - Knight Pack/models/textures/pc_knight_weapon_01.png
  artifactKey: Guid(b7916cf878c8a1c4c845aa74f95d7948) Importer(815301076,1909f56bfc062723c751e8b465ee728b)
Start importing Assets/Model/character/Casual Tiny - Knight Pack/models/textures/pc_knight_weapon_01.png using Guid(b7916cf878c8a1c4c845aa74f95d7948) Importer(815301076,1909f56bfc062723c751e8b465ee728b) [PhysX] Initialized MultithreadedTaskDispatcher with 12 workers.
[PhysX] Initialized MultithreadedTaskDispatcher with 12 workers.
 -> (artifact id: '0430e4ea8eb27ac7b5eec1421e98fbb7') in 0.012777 seconds
Number of updated asset objects reloaded before import = 0
Number of asset objects unloaded after import = 2
========================================================================
Received Import Request.
  Time since last request: 0.018569 seconds.
  path: Assets/Model/character/Casual Tiny - Knight Pack/models/textures/pc_knight_05.png
  artifactKey: Guid(381a8f0a9641d3746803ec2b4f16f2eb) Importer(815301076,1909f56bfc062723c751e8b465ee728b)
Start importing Assets/Model/character/Casual Tiny - Knight Pack/models/textures/pc_knight_05.png using Guid(381a8f0a9641d3746803ec2b4f16f2eb) Importer(815301076,1909f56bfc062723c751e8b465ee728b) [PhysX] Initialized MultithreadedTaskDispatcher with 12 workers.
[PhysX] Initialized MultithreadedTaskDispatcher with 12 workers.
 -> (artifact id: 'bf459bb7dec3fe6797bab6ab007ea4fb') in 0.012023 seconds
Number of updated asset objects reloaded before import = 0
Number of asset objects unloaded after import = 2
========================================================================
Received Import Request.
  Time since last request: 0.026617 seconds.
  path: Assets/Model/character/Casual Tiny - Knight Pack/models/textures/pc_knight_03.png
  artifactKey: Guid(9cf5c0defe35fe944a29edade1240d61) Importer(815301076,1909f56bfc062723c751e8b465ee728b)
Start importing Assets/Model/character/Casual Tiny - Knight Pack/models/textures/pc_knight_03.png using Guid(9cf5c0defe35fe944a29edade1240d61) Importer(815301076,1909f56bfc062723c751e8b465ee728b) [PhysX] Initialized MultithreadedTaskDispatcher with 12 workers.
[PhysX] Initialized MultithreadedTaskDispatcher with 12 workers.
 -> (artifact id: 'b4c5348e8728f8819186dfccd2714903') in 0.012297 seconds
Number of updated asset objects reloaded before import = 0
Number of asset objects unloaded after import = 2
========================================================================
Received Import Request.
  Time since last request: 0.369987 seconds.
  path: Assets/Model/character/Casual Tiny - Knight Pack/models/textures/pc_knight_01.png
  artifactKey: Guid(a3c78ece9100be54cb2921273202ccd4) Importer(815301076,1909f56bfc062723c751e8b465ee728b)
Start importing Assets/Model/character/Casual Tiny - Knight Pack/models/textures/pc_knight_01.png using Guid(a3c78ece9100be54cb2921273202ccd4) Importer(815301076,1909f56bfc062723c751e8b465ee728b) [PhysX] Initialized MultithreadedTaskDispatcher with 12 workers.
[PhysX] Initialized MultithreadedTaskDispatcher with 12 workers.
 -> (artifact id: 'c59f4980fd609933584bbeb2029eeb00') in 0.012421 seconds
Number of updated asset objects reloaded before import = 0
Number of asset objects unloaded after import = 2
========================================================================
Received Import Request.
  Time since last request: 0.016625 seconds.
  path: Assets/Model/character/Red Knight/RedKnight/Texture/M05/M05.png
  artifactKey: Guid(d3475d52f16f8104faf0a98153aaaab1) Importer(815301076,1909f56bfc062723c751e8b465ee728b)
Start importing Assets/Model/character/Red Knight/RedKnight/Texture/M05/M05.png using Guid(d3475d52f16f8104faf0a98153aaaab1) Importer(815301076,1909f56bfc062723c751e8b465ee728b) [PhysX] Initialized MultithreadedTaskDispatcher with 12 workers.
[PhysX] Initialized MultithreadedTaskDispatcher with 12 workers.
 -> (artifact id: '3f074e188783aae2ed38ed8c8984744b') in 0.017427 seconds
Number of updated asset objects reloaded before import = 0
Number of asset objects unloaded after import = 2
========================================================================
Received Import Request.
  Time since last request: 0.367190 seconds.
  path: Assets/Model/character/Castle Guard Archer/Castle Guard Archer/Texture/M03/M03.png
  artifactKey: Guid(d8c9a31b6cce12447b07368f273ce322) Importer(815301076,1909f56bfc062723c751e8b465ee728b)
Start importing Assets/Model/character/Castle Guard Archer/Castle Guard Archer/Texture/M03/M03.png using Guid(d8c9a31b6cce12447b07368f273ce322) Importer(815301076,1909f56bfc062723c751e8b465ee728b) [PhysX] Initialized MultithreadedTaskDispatcher with 12 workers.
[PhysX] Initialized MultithreadedTaskDispatcher with 12 workers.
 -> (artifact id: '403f13ea55b6c137df3cb2e9ec75ed3b') in 0.012909 seconds
Number of updated asset objects reloaded before import = 0
Number of asset objects unloaded after import = 2
========================================================================
Received Import Request.
  Time since last request: 0.015705 seconds.
  path: Assets/TextMesh Pro/Resources/Fonts & Materials/LiberationSans SDF.asset
  artifactKey: Guid(8f586378b4e144a9851e7b34d9b748ee) Importer(815301076,1909f56bfc062723c751e8b465ee728b)
Start importing Assets/TextMesh Pro/Resources/Fonts & Materials/LiberationSans SDF.asset using Guid(8f586378b4e144a9851e7b34d9b748ee) Importer(815301076,1909f56bfc062723c751e8b465ee728b) [PhysX] Initialized MultithreadedTaskDispatcher with 12 workers.
[PhysX] Initialized MultithreadedTaskDispatcher with 12 workers.
[PhysX] Initialized MultithreadedTaskDispatcher with 12 workers.
 -> (artifact id: 'd2123ac4659da689fe841b1a6861b608') in 0.096927 seconds
Number of updated asset objects reloaded before import = 0
Number of asset objects unloaded after import = 9
========================================================================
Received Import Request.
  Time since last request: 0.000019 seconds.
  path: Assets/Model/character/Red Knight/RedKnight/Texture/M05/Hair05.png
  artifactKey: Guid(1303b400492408040af1bc0113dbdf26) Importer(815301076,1909f56bfc062723c751e8b465ee728b)
Start importing Assets/Model/character/Red Knight/RedKnight/Texture/M05/Hair05.png using Guid(1303b400492408040af1bc0113dbdf26) Importer(815301076,1909f56bfc062723c751e8b465ee728b) [PhysX] Initialized MultithreadedTaskDispatcher with 12 workers.
[PhysX] Initialized MultithreadedTaskDispatcher with 12 workers.
 -> (artifact id: 'f85c3b22cf66415ad45760b64f27afb0') in 0.014721 seconds
Number of updated asset objects reloaded before import = 0
Number of asset objects unloaded after import = 2
========================================================================
Received Import Request.
  Time since last request: 0.509497 seconds.
  path: Assets/Model/character/Castle Guard/Castle Guard/Texture/Skin&Hair&Face/hair02.png
  artifactKey: Guid(ba225ccae25d0df4581f3f7e5d21e4b9) Importer(815301076,1909f56bfc062723c751e8b465ee728b)
Start importing Assets/Model/character/Castle Guard/Castle Guard/Texture/Skin&Hair&Face/hair02.png using Guid(ba225ccae25d0df4581f3f7e5d21e4b9) Importer(815301076,1909f56bfc062723c751e8b465ee728b) [PhysX] Initialized MultithreadedTaskDispatcher with 12 workers.
[PhysX] Initialized MultithreadedTaskDispatcher with 12 workers.
 -> (artifact id: '012e7fe9a35c56515f5256e9acd65d70') in 0.011978 seconds
Number of updated asset objects reloaded before import = 0
Number of asset objects unloaded after import = 2
========================================================================
Received Import Request.
  Time since last request: 0.018944 seconds.
  path: Assets/Model/character/Casual Tiny - Knight Pack/fx_prefaps/Texture/fx_tile_water_001.tga
  artifactKey: Guid(f0c858e1b5b3ea34ab771fd1e415591e) Importer(815301076,1909f56bfc062723c751e8b465ee728b)
Start importing Assets/Model/character/Casual Tiny - Knight Pack/fx_prefaps/Texture/fx_tile_water_001.tga using Guid(f0c858e1b5b3ea34ab771fd1e415591e) Importer(815301076,1909f56bfc062723c751e8b465ee728b) [PhysX] Initialized MultithreadedTaskDispatcher with 12 workers.
[PhysX] Initialized MultithreadedTaskDispatcher with 12 workers.
 -> (artifact id: '9ad5b5d6530bb1bc8aef2bbe6c7cb150') in 0.012099 seconds
Number of updated asset objects reloaded before import = 0
Number of asset objects unloaded after import = 2
========================================================================
Received Import Request.
  Time since last request: 0.015599 seconds.
  path: Assets/Model/character/Casual Tiny - Knight Pack/fx_prefaps/Texture/fx_sword_trail_005.tga
  artifactKey: Guid(f812918fce733334ab5801a54f11b250) Importer(815301076,1909f56bfc062723c751e8b465ee728b)
Start importing Assets/Model/character/Casual Tiny - Knight Pack/fx_prefaps/Texture/fx_sword_trail_005.tga using Guid(f812918fce733334ab5801a54f11b250) Importer(815301076,1909f56bfc062723c751e8b465ee728b) [PhysX] Initialized MultithreadedTaskDispatcher with 12 workers.
[PhysX] Initialized MultithreadedTaskDispatcher with 12 workers.
 -> (artifact id: '39117e2f973eb0abf2cc717c91e5dcfc') in 0.010956 seconds
Number of updated asset objects reloaded before import = 0
Number of asset objects unloaded after import = 2
========================================================================
Received Import Request.
  Time since last request: 0.054161 seconds.
  path: Assets/Model/character/Casual Tiny - Knight Pack/fx_prefaps/Texture/fx_sword_006.tga
  artifactKey: Guid(97bdcea226d6b0646b47c1f75b9c7e1c) Importer(815301076,1909f56bfc062723c751e8b465ee728b)
Start importing Assets/Model/character/Casual Tiny - Knight Pack/fx_prefaps/Texture/fx_sword_006.tga using Guid(97bdcea226d6b0646b47c1f75b9c7e1c) Importer(815301076,1909f56bfc062723c751e8b465ee728b) [PhysX] Initialized MultithreadedTaskDispatcher with 12 workers.
[PhysX] Initialized MultithreadedTaskDispatcher with 12 workers.
 -> (artifact id: 'e1e6c133ed9880011b1e3c22992f6744') in 0.011977 seconds
Number of updated asset objects reloaded before import = 0
Number of asset objects unloaded after import = 2
========================================================================
Received Import Request.
  Time since last request: 0.506400 seconds.
  path: Assets/Model/character/Casual Tiny - Knight Pack/fx_prefaps/Texture/fx_stone_dust_001.png
  artifactKey: Guid(64634b95a5fe5ed4abd63bcb397f9e5b) Importer(815301076,1909f56bfc062723c751e8b465ee728b)
Start importing Assets/Model/character/Casual Tiny - Knight Pack/fx_prefaps/Texture/fx_stone_dust_001.png using Guid(64634b95a5fe5ed4abd63bcb397f9e5b) Importer(815301076,1909f56bfc062723c751e8b465ee728b) [PhysX] Initialized MultithreadedTaskDispatcher with 12 workers.
[PhysX] Initialized MultithreadedTaskDispatcher with 12 workers.
 -> (artifact id: '91f6a332c4e43f557ec3d74534304094') in 0.011518 seconds
Number of updated asset objects reloaded before import = 0
Number of asset objects unloaded after import = 2
========================================================================
Received Import Request.
  Time since last request: 0.018309 seconds.
  path: Assets/Model/character/Casual Tiny - Knight Pack/fx_prefaps/Texture/fx_hit_016.tga
  artifactKey: Guid(12e60706b669aee4b8caac45fb9815c5) Importer(815301076,1909f56bfc062723c751e8b465ee728b)
Start importing Assets/Model/character/Casual Tiny - Knight Pack/fx_prefaps/Texture/fx_hit_016.tga using Guid(12e60706b669aee4b8caac45fb9815c5) Importer(815301076,1909f56bfc062723c751e8b465ee728b) [PhysX] Initialized MultithreadedTaskDispatcher with 12 workers.
[PhysX] Initialized MultithreadedTaskDispatcher with 12 workers.
 -> (artifact id: '135d79fdf606d5a78ba9f4f5f7a456eb') in 0.012571 seconds
Number of updated asset objects reloaded before import = 0
Number of asset objects unloaded after import = 2
========================================================================
Received Import Request.
  Time since last request: 0.058684 seconds.
  path: Assets/Model/character/Casual Tiny - Knight Pack/fx_prefaps/Texture/fx_grad_003.tga
  artifactKey: Guid(6a279b36fd848ea499641623c74bd370) Importer(815301076,1909f56bfc062723c751e8b465ee728b)
Start importing Assets/Model/character/Casual Tiny - Knight Pack/fx_prefaps/Texture/fx_grad_003.tga using Guid(6a279b36fd848ea499641623c74bd370) Importer(815301076,1909f56bfc062723c751e8b465ee728b) [PhysX] Initialized MultithreadedTaskDispatcher with 12 workers.
[PhysX] Initialized MultithreadedTaskDispatcher with 12 workers.
 -> (artifact id: 'f87b6b547b3f2348cdf88df231b17fd0') in 0.011890 seconds
Number of updated asset objects reloaded before import = 0
Number of asset objects unloaded after import = 2
========================================================================
Received Import Request.
  Time since last request: 0.299565 seconds.
  path: Assets/Model/character/Casual Tiny - Knight Pack/fx_prefaps/Texture/fx_flame_sheet_001.tga
  artifactKey: Guid(c04942e2b18edda4e9964d218d338bb2) Importer(815301076,1909f56bfc062723c751e8b465ee728b)
Start importing Assets/Model/character/Casual Tiny - Knight Pack/fx_prefaps/Texture/fx_flame_sheet_001.tga using Guid(c04942e2b18edda4e9964d218d338bb2) Importer(815301076,1909f56bfc062723c751e8b465ee728b) [PhysX] Initialized MultithreadedTaskDispatcher with 12 workers.
[PhysX] Initialized MultithreadedTaskDispatcher with 12 workers.
 -> (artifact id: '70905440a1bf0472e55349b2caea3bb3') in 0.011926 seconds
Number of updated asset objects reloaded before import = 0
Number of asset objects unloaded after import = 2
========================================================================
Received Import Request.
  Time since last request: 0.017434 seconds.
  path: Assets/Model/character/Casual Tiny - Knight Pack/fx_prefaps/Texture/fx_flame_001.tga
  artifactKey: Guid(ebe7b23be8fdb4d43aeb6140b749d2d6) Importer(815301076,1909f56bfc062723c751e8b465ee728b)
Start importing Assets/Model/character/Casual Tiny - Knight Pack/fx_prefaps/Texture/fx_flame_001.tga using Guid(ebe7b23be8fdb4d43aeb6140b749d2d6) Importer(815301076,1909f56bfc062723c751e8b465ee728b) [PhysX] Initialized MultithreadedTaskDispatcher with 12 workers.
[PhysX] Initialized MultithreadedTaskDispatcher with 12 workers.
 -> (artifact id: '403c364e66ac568f44f86a4d5c43f069') in 0.011721 seconds
Number of updated asset objects reloaded before import = 0
Number of asset objects unloaded after import = 2
========================================================================
Received Import Request.
  Time since last request: 0.026854 seconds.
  path: Assets/Model/character/Casual Tiny - Knight Pack/fx_prefaps/Texture/fx_circle_fire_005.tga
  artifactKey: Guid(55eb9d1377c17ff4b83458448a774a42) Importer(815301076,1909f56bfc062723c751e8b465ee728b)
Start importing Assets/Model/character/Casual Tiny - Knight Pack/fx_prefaps/Texture/fx_circle_fire_005.tga using Guid(55eb9d1377c17ff4b83458448a774a42) Importer(815301076,1909f56bfc062723c751e8b465ee728b) [PhysX] Initialized MultithreadedTaskDispatcher with 12 workers.
[PhysX] Initialized MultithreadedTaskDispatcher with 12 workers.
 -> (artifact id: 'ec0031a66796095f916126b9d2e196af') in 0.012718 seconds
Number of updated asset objects reloaded before import = 0
Number of asset objects unloaded after import = 2
========================================================================
Received Import Request.
  Time since last request: 0.345961 seconds.
  path: Assets/Model/character/Casual Tiny - Knight Pack/fx_prefaps/Texture/fx_circle_007.png
  artifactKey: Guid(9682c202d4029e549bcb47c1c5354b76) Importer(815301076,1909f56bfc062723c751e8b465ee728b)
Start importing Assets/Model/character/Casual Tiny - Knight Pack/fx_prefaps/Texture/fx_circle_007.png using Guid(9682c202d4029e549bcb47c1c5354b76) Importer(815301076,1909f56bfc062723c751e8b465ee728b) [PhysX] Initialized MultithreadedTaskDispatcher with 12 workers.
[PhysX] Initialized MultithreadedTaskDispatcher with 12 workers.
 -> (artifact id: '6b192f16b543149e1e7cfdac165286c0') in 0.011901 seconds
Number of updated asset objects reloaded before import = 0
Number of asset objects unloaded after import = 2
========================================================================
Received Import Request.
  Time since last request: 0.018027 seconds.
  path: Assets/Model/character/Casual Tiny - Knight Pack/fx_prefaps/Texture/fx_beam_005.png
  artifactKey: Guid(12aed162392e0574d9421f57a1292aa5) Importer(815301076,1909f56bfc062723c751e8b465ee728b)
Start importing Assets/Model/character/Casual Tiny - Knight Pack/fx_prefaps/Texture/fx_beam_005.png using Guid(12aed162392e0574d9421f57a1292aa5) Importer(815301076,1909f56bfc062723c751e8b465ee728b) [PhysX] Initialized MultithreadedTaskDispatcher with 12 workers.
[PhysX] Initialized MultithreadedTaskDispatcher with 12 workers.
 -> (artifact id: 'ac2576ae4db029b7df338b9bcf259d73') in 0.011124 seconds
Number of updated asset objects reloaded before import = 0
Number of asset objects unloaded after import = 2
========================================================================
Received Import Request.
  Time since last request: 0.017049 seconds.
  path: Assets/Model/character/Archbishop/Fx/fx3.png
  artifactKey: Guid(33183e0f409e9444f8125db63b712426) Importer(815301076,1909f56bfc062723c751e8b465ee728b)
Start importing Assets/Model/character/Archbishop/Fx/fx3.png using Guid(33183e0f409e9444f8125db63b712426) Importer(815301076,1909f56bfc062723c751e8b465ee728b) [PhysX] Initialized MultithreadedTaskDispatcher with 12 workers.
[PhysX] Initialized MultithreadedTaskDispatcher with 12 workers.
 -> (artifact id: '7bdbc5cb49d1b8cda9c4262b3bf25715') in 0.012188 seconds
Number of updated asset objects reloaded before import = 0
Number of asset objects unloaded after import = 2
========================================================================
Received Import Request.
  Time since last request: 0.340874 seconds.
  path: Assets/Model/character/Red Mage/Fx/fx3.png
  artifactKey: Guid(34504ccfae43ef54b95d7985d37a17d1) Importer(815301076,1909f56bfc062723c751e8b465ee728b)
Start importing Assets/Model/character/Red Mage/Fx/fx3.png using Guid(34504ccfae43ef54b95d7985d37a17d1) Importer(815301076,1909f56bfc062723c751e8b465ee728b) [PhysX] Initialized MultithreadedTaskDispatcher with 12 workers.
[PhysX] Initialized MultithreadedTaskDispatcher with 12 workers.
 -> (artifact id: '9f4bd529ee22a7d1ac2df9fecaa3d57d') in 0.005915 seconds
Number of updated asset objects reloaded before import = 0
Number of asset objects unloaded after import = 2
========================================================================
Received Import Request.
  Time since last request: 0.030512 seconds.
  path: Assets/Model/character/Red Knight/RedKnight/Fx/fx3.png
  artifactKey: Guid(b919446d2d02791408330985702cca7a) Importer(815301076,1909f56bfc062723c751e8b465ee728b)
Start importing Assets/Model/character/Red Knight/RedKnight/Fx/fx3.png using Guid(b919446d2d02791408330985702cca7a) Importer(815301076,1909f56bfc062723c751e8b465ee728b) [PhysX] Initialized MultithreadedTaskDispatcher with 12 workers.
[PhysX] Initialized MultithreadedTaskDispatcher with 12 workers.
 -> (artifact id: '145707e2d2bf6b8915a121c391c0f631') in 0.005341 seconds
Number of updated asset objects reloaded before import = 0
Number of asset objects unloaded after import = 2
========================================================================
Received Import Request.
  Time since last request: 0.028495 seconds.
  path: Assets/Model/character/Archbishop/Fx/fx2.png
  artifactKey: Guid(49708e2de643c554bbbce6cac68a8e33) Importer(815301076,1909f56bfc062723c751e8b465ee728b)
Start importing Assets/Model/character/Archbishop/Fx/fx2.png using Guid(49708e2de643c554bbbce6cac68a8e33) Importer(815301076,1909f56bfc062723c751e8b465ee728b) [PhysX] Initialized MultithreadedTaskDispatcher with 12 workers.
[PhysX] Initialized MultithreadedTaskDispatcher with 12 workers.
 -> (artifact id: 'c0fd8d6c203955fd882cbf41e0eb78a6') in 0.039387 seconds
Number of updated asset objects reloaded before import = 0
Number of asset objects unloaded after import = 2
Editor requested this worker to shutdown with reason: Scaling down because of idle timeout
TcpMessagingSession - receive error: operation aborted. errorcode: 995, details: 스레드 종료 또는 응용 프로그램 요청 때문에 I/O 작업이 취소되었습니다.
AssetImportWorker is now disconnected from the server
Process exiting
Exiting without the bug reporter. Application will terminate with return code 0